2025-11-05 13:46:57,745 WARNING OL server error 500 for title='Sir Gawayne and the Green Knight: An Alliterative Romance-Poem (c. 1360 A.D.)' page=1 attempt=1
2025-11-05 13:46:58,996 WARNING OL server error 500 for title='Sir Gawayne and the Green Knight: An Alliterative Romance-Poem (c. 1360 A.D.)' page=1 attempt=2
2025-11-05 13:47:00,652 WARNING OL server error 500 for title='Sir Gawayne and the Green Knight: An Alliterative Romance-Poem (c. 1360 A.D.)' page=1 attempt=3
2025-11-05 13:47:02,153 ERROR OL search failed (giving up) for title='Sir Gawayne and the Green Knight: An Alliterative Romance-Poem (c. 1360 A.D.)' after 3 attempts. Last params: {'title': 'Sir Gawayne and the Green Knight: An Alliterative Romance-Poem (c. 1360 A.D.)', 'author': '', 'fields': 'key,title,author_name,first_publish_year,subject,edition_count,language', 'page': 1, 'limit': 20}
2025-11-05 13:47:17,820 WARNING OL server error 500 for title='The Story of the Volsungs (Volsunga Saga); with Excerpts from the Poetic Edda' page=1 attempt=1
2025-11-05 13:47:18,985 WARNING OL server error 500 for title='The Story of the Volsungs (Volsunga Saga); with Excerpts from the Poetic Edda' page=1 attempt=2
2025-11-05 13:47:20,780 WARNING OL server error 500 for title='The Story of the Volsungs (Volsunga Saga); with Excerpts from the Poetic Edda' page=1 attempt=3
2025-11-05 13:47:22,284 ERROR OL search failed (giving up) for title='The Story of the Volsungs (Volsunga Saga); with Excerpts from the Poetic Edda' after 3 attempts. Last params: {'title': 'The Story of the Volsungs (Volsunga Saga); with Excerpts from the Poetic Edda', 'author': '', 'fields': 'key,title,author_name,first_publish_year,subject,edition_count,language', 'page': 1, 'limit': 20}
2025-11-05 13:47:32,983 WARNING OL server error 500 for title="The Fox Jumps Over the Parson's Gate" page=1 attempt=1
2025-11-05 13:47:34,400 WARNING OL server error 500 for title="The Fox Jumps Over the Parson's Gate" page=1 attempt=2
2025-11-05 13:47:35,823 WARNING OL server error 500 for title="The Fox Jumps Over the Parson's Gate" page=1 attempt=3
2025-11-05 13:47:37,328 ERROR OL search failed (giving up) for title="The Fox Jumps Over the Parson's Gate" after 3 attempts. Last params: {'title': "The Fox Jumps Over the Parson's Gate", 'author': '', 'fields': 'key,title,author_name,first_publish_year,subject,edition_count,language', 'page': 1, 'limit': 20}
2025-11-05 13:47:39,981 WARNING OL server error 500 for title='The Book of the Thousand Nights and a Night — Volume 01 (of 10)' page=1 attempt=1
2025-11-05 13:47:41,364 WARNING OL server error 500 for title='The Book of the Thousand Nights and a Night — Volume 01 (of 10)' page=1 attempt=2
2025-11-05 13:47:43,308 WARNING OL server error 500 for title='The Book of the Thousand Nights and a Night — Volume 01 (of 10)' page=1 attempt=3
2025-11-05 13:47:44,813 ERROR OL search failed (giving up) for title='The Book of the Thousand Nights and a Night — Volume 01 (of 10)' after 3 attempts. Last params: {'title': 'The Book of the Thousand Nights and a Night — Volume 01 (of 10)', 'author': '', 'fields': 'key,title,author_name,first_publish_year,subject,edition_count,language', 'page': 1, 'limit': 20}
2025-11-05 13:47:46,238 WARNING OL server error 500 for title='Victorian Short Stories: Stories of Courtship' page=1 attempt=1
2025-11-05 13:47:47,251 WARNING OL server error 500 for title='Victorian Short Stories: Stories of Courtship' page=1 attempt=2
2025-11-05 13:47:48,897 WARNING OL server error 500 for title='Victorian Short Stories: Stories of Courtship' page=1 attempt=3
2025-11-05 13:47:50,403 ERROR OL search failed (giving up) for title='Victorian Short Stories: Stories of Courtship' after 3 attempts. Last params: {'title': 'Victorian Short Stories: Stories of Courtship', 'author': '', 'fields': 'key,title,author_name,first_publish_year,subject,edition_count,language', 'page': 1, 'limit': 20}
2025-11-05 13:47:55,941 WARNING OL server error 500 for title='Tales of King Arthur and the Round Table, Adapted from the Book of Romance' page=1 attempt=1
2025-11-05 13:47:56,878 WARNING OL server error 500 for title='Tales of King Arthur and the Round Table, Adapted from the Book of Romance' page=1 attempt=2
2025-11-05 13:47:58,641 WARNING OL server error 500 for title='Tales of King Arthur and the Round Table, Adapted from the Book of Romance' page=1 attempt=3
2025-11-05 13:48:00,142 ERROR OL search failed (giving up) for title='Tales of King Arthur and the Round Table, Adapted from the Book of Romance' after 3 attempts. Last params: {'title': 'Tales of King Arthur and the Round Table, Adapted from the Book of Romance', 'author': '', 'fields': 'key,title,author_name,first_publish_year,subject,edition_count,language', 'page': 1, 'limit': 20}
2025-11-05 13:48:07,565 WARNING OL server error 500 for title='The Lay of Havelok the Dane' page=1 attempt=1
2025-11-05 13:48:08,910 WARNING OL server error 500 for title='The Lay of Havelok the Dane' page=1 attempt=2
2025-11-05 13:48:10,333 WARNING OL server error 500 for title='The Lay of Havelok the Dane' page=1 attempt=3
2025-11-05 13:48:11,834 ERROR OL search failed (giving up) for title='The Lay of Havelok the Dane' after 3 attempts. Last params: {'title': 'The Lay of Havelok the Dane', 'author': '', 'fields': 'key,title,author_name,first_publish_year,subject,edition_count,language', 'page': 1, 'limit': 20}
2025-11-05 13:48:13,867 WARNING OL server error 500 for title='La Chanson de Roland : Translated from the Seventh Edition of Léon Gautier' page=1 attempt=1
2025-11-05 13:48:14,822 WARNING OL server error 500 for title='La Chanson de Roland : Translated from the Seventh Edition of Léon Gautier' page=1 attempt=2
2025-11-05 13:48:16,720 WARNING OL server error 500 for title='La Chanson de Roland : Translated from the Seventh Edition of Léon Gautier' page=1 attempt=3
2025-11-05 13:48:18,225 ERROR OL search failed (giving up) for title='La Chanson de Roland : Translated from the Seventh Edition of Léon Gautier' after 3 attempts. Last params: {'title': 'La Chanson de Roland : Translated from the Seventh Edition of Léon Gautier', 'author': '', 'fields': 'key,title,author_name,first_publish_year,subject,edition_count,language', 'page': 1, 'limit': 20}
2025-11-05 13:48:22,229 WARNING OL server error 500 for title='Reliques of Ancient English Poetry, Volume 3 (of 3): Consisting of Old Heroic Ballads, Songs and Other Pieces of Our Earlier Poets Together With Some Few of Later Date' page=1 attempt=1
2025-11-05 13:48:23,183 WARNING OL server error 500 for title='Reliques of Ancient English Poetry, Volume 3 (of 3): Consisting of Old Heroic Ballads, Songs and Other Pieces of Our Earlier Poets Together With Some Few of Later Date' page=1 attempt=2
2025-11-05 13:48:24,596 WARNING OL server error 500 for title='Reliques of Ancient English Poetry, Volume 3 (of 3): Consisting of Old Heroic Ballads, Songs and Other Pieces of Our Earlier Poets Together With Some Few of Later Date' page=1 attempt=3
2025-11-05 13:48:26,102 ERROR OL search failed (giving up) for title='Reliques of Ancient English Poetry, Volume 3 (of 3): Consisting of Old Heroic Ballads, Songs and Other Pieces of Our Earlier Poets Together With Some Few of Later Date' after 3 attempts. Last params: {'title': 'Reliques of Ancient English Poetry, Volume 3 (of 3): Consisting of Old Heroic Ballads, Songs and Other Pieces of Our Earlier Poets Together With Some Few of Later Date', 'author': '', 'fields': 'key,title,author_name,first_publish_year,subject,edition_count,language', 'page': 1, 'limit': 20}
2025-11-05 13:58:45,120 WARNING OL server error 500 for title='Sir Gawayne and the Green Knight: An Alliterative Romance-Poem (c. 1360 A.D.)' page=1 attempt=1
2025-11-05 13:58:46,323 WARNING OL server error 500 for title='Sir Gawayne and the Green Knight: An Alliterative Romance-Poem (c. 1360 A.D.)' page=1 attempt=2
2025-11-05 13:58:48,225 WARNING OL server error 500 for title='Sir Gawayne and the Green Knight: An Alliterative Romance-Poem (c. 1360 A.D.)' page=1 attempt=3
2025-11-05 13:58:49,730 ERROR OL search failed (giving up) for title='Sir Gawayne and the Green Knight: An Alliterative Romance-Poem (c. 1360 A.D.)' after 3 attempts. Last params: {'title': 'Sir Gawayne and the Green Knight: An Alliterative Romance-Poem (c. 1360 A.D.)', 'author': '', 'fields': 'key,title,author_name,first_publish_year,subject,edition_count,language', 'page': 1, 'limit': 20}
2025-11-05 14:06:33,306 WARNING OL server error 500 for title='Sir Gawayne and the Green Knight: An Alliterative Romance-Poem (c. 1360 A.D.)' page=1 attempt=1
2025-11-05 14:06:34,352 WARNING OL server error 500 for title='Sir Gawayne and the Green Knight: An Alliterative Romance-Poem (c. 1360 A.D.)' page=1 attempt=2
2025-11-05 14:06:35,951 WARNING OL server error 500 for title='Sir Gawayne and the Green Knight: An Alliterative Romance-Poem (c. 1360 A.D.)' page=1 attempt=3
2025-11-05 14:06:37,455 ERROR OL search failed (giving up) for title='Sir Gawayne and the Green Knight: An Alliterative Romance-Poem (c. 1360 A.D.)' after 3 attempts. Last params: {'title': 'Sir Gawayne and the Green Knight: An Alliterative Romance-Poem (c. 1360 A.D.)', 'author': '', 'fields': 'key,title,author_name,first_publish_year,subject,edition_count,language', 'page': 1, 'limit': 20}
2025-11-12 09:09:36,480 WARNING OL server error 500 for title='Sir Gawayne and the Green Knight: An Alliterative Romance-Poem (c. 1360 A.D.)' page=1 attempt=1
2025-11-12 09:09:37,367 WARNING OL server error 500 for title='Sir Gawayne and the Green Knight: An Alliterative Romance-Poem (c. 1360 A.D.)' page=1 attempt=2
2025-11-12 09:09:39,251 WARNING OL server error 500 for title='Sir Gawayne and the Green Knight: An Alliterative Romance-Poem (c. 1360 A.D.)' page=1 attempt=3
2025-11-12 09:09:40,753 ERROR OL search failed (giving up) for title='Sir Gawayne and the Green Knight: An Alliterative Romance-Poem (c. 1360 A.D.)' after 3 attempts. Last params: {'title': 'Sir Gawayne and the Green Knight: An Alliterative Romance-Poem (c. 1360 A.D.)', 'author': '', 'fields': 'key,title,author_name,first_publish_year,subject,edition_count,language', 'page': 1, 'limit': 20}
